<?xml version="1.0" encoding="UTF-8"?>
<coverage generated="1676760396450" clover="3.2.0">
  <project timestamp="1676760396450" name="All files">
    <metrics statements="49" coveredstatements="48" conditionals="16" coveredconditionals="11" methods="2" coveredmethods="2" elements="67" coveredelements="61" complexity="0" loc="49" ncloc="49" packages="1" files="2" classes="2"/>
    <file name="spiral-matrix.js" path="/Users/alinatrukhina/Documents/post-prime/code-challenges/spiral-matrix.js">
      <metrics statements="33" coveredstatements="33" conditionals="8" coveredconditionals="4" methods="1" coveredmethods="1"/>
      <line num="8" count="1" type="stmt"/>
      <line num="9" count="1" type="stmt"/>
      <line num="13" count="2" type="stmt"/>
      <line num="14" count="2" type="stmt"/>
      <line num="16" count="2" type="stmt"/>
      <line num="17" count="2" type="stmt"/>
      <line num="20" count="4" type="cond" truecount="1" falsecount="1"/>
      <line num="23" count="4" type="stmt"/>
      <line num="24" count="12" type="stmt"/>
      <line num="25" count="12" type="stmt"/>
      <line num="26" count="12" type="stmt"/>
      <line num="28" count="4" type="stmt"/>
      <line num="29" count="4" type="stmt"/>
      <line num="32" count="4" type="cond" truecount="1" falsecount="1"/>
      <line num="33" count="4" type="stmt"/>
      <line num="34" count="8" type="stmt"/>
      <line num="35" count="8" type="stmt"/>
      <line num="37" count="4" type="stmt"/>
      <line num="40" count="4" type="cond" truecount="1" falsecount="1"/>
      <line num="41" count="4" type="stmt"/>
      <line num="42" count="8" type="stmt"/>
      <line num="43" count="8" type="stmt"/>
      <line num="45" count="4" type="stmt"/>
      <line num="46" count="4" type="stmt"/>
      <line num="49" count="4" type="cond" truecount="1" falsecount="1"/>
      <line num="50" count="4" type="stmt"/>
      <line num="51" count="4" type="stmt"/>
      <line num="52" count="4" type="stmt"/>
      <line num="54" count="4" type="stmt"/>
      <line num="57" count="4" type="stmt"/>
      <line num="59" count="2" type="stmt"/>
      <line num="62" count="1" type="stmt"/>
      <line num="67" count="1" type="stmt"/>
    </file>
    <file name="toeplitz.js" path="/Users/alinatrukhina/Documents/post-prime/code-challenges/toeplitz.js">
      <metrics statements="16" coveredstatements="15" conditionals="8" coveredconditionals="7" methods="1" coveredmethods="1"/>
      <line num="14" count="4" type="cond" truecount="4" falsecount="0"/>
      <line num="15" count="1" type="stmt"/>
      <line num="17" count="3" type="stmt"/>
      <line num="18" count="7" type="stmt"/>
      <line num="19" count="7" type="stmt"/>
      <line num="20" count="15" type="stmt"/>
      <line num="21" count="15" type="stmt"/>
      <line num="22" count="15" type="cond" truecount="2" falsecount="0"/>
      <line num="23" count="1" type="stmt"/>
      <line num="27" count="2" type="stmt"/>
      <line num="28" count="4" type="stmt"/>
      <line num="29" count="4" type="stmt"/>
      <line num="32" count="3" type="cond" truecount="1" falsecount="1"/>
      <line num="33" count="0" type="stmt"/>
      <line num="38" count="2" type="stmt"/>
      <line num="45" count="1" type="stmt"/>
    </file>
  </project>
</coverage>
