{"/Users/alinatrukhina/Documents/post-prime/code-challenges/spiral-matrix.js": {"path":"/Users/alinatrukhina/Documents/post-prime/code-challenges/spiral-matrix.js","statementMap":{"0":{"start":{"line":8,"column":13},"end":{"line":8,"column":72}},"1":{"start":{"line":9,"column":11},"end":{"line":9,"column":24}},"2":{"start":{"line":13,"column":14},"end":{"line":13,"column":15}},"3":{"start":{"line":14,"column":17},"end":{"line":14,"column":19}},"4":{"start":{"line":16,"column":12},"end":{"line":16,"column":13}},"5":{"start":{"line":17,"column":4},"end":{"line":58,"column":5}},"6":{"start":{"line":20,"column":8},"end":{"line":30,"column":9}},"7":{"start":{"line":23,"column":12},"end":{"line":27,"column":13}},"8":{"start":{"line":23,"column":25},"end":{"line":23,"column":26}},"9":{"start":{"line":24,"column":29},"end":{"line":24,"column":51}},"10":{"start":{"line":25,"column":16},"end":{"line":25,"column":39}},"11":{"start":{"line":26,"column":16},"end":{"line":26,"column":20}},"12":{"start":{"line":28,"column":12},"end":{"line":28,"column":27}},"13":{"start":{"line":29,"column":12},"end":{"line":29,"column":18}},"14":{"start":{"line":32,"column":8},"end":{"line":38,"column":9}},"15":{"start":{"line":33,"column":12},"end":{"line":36,"column":13}},"16":{"start":{"line":33,"column":26},"end":{"line":33,"column":27}},"17":{"start":{"line":34,"column":16},"end":{"line":34,"column":68}},"18":{"start":{"line":35,"column":16},"end":{"line":35,"column":39}},"19":{"start":{"line":37,"column":12},"end":{"line":37,"column":18}},"20":{"start":{"line":40,"column":8},"end":{"line":47,"column":9}},"21":{"start":{"line":41,"column":12},"end":{"line":44,"column":13}},"22":{"start":{"line":41,"column":25},"end":{"line":41,"column":60}},"23":{"start":{"line":42,"column":29},"end":{"line":42,"column":67}},"24":{"start":{"line":43,"column":16},"end":{"line":43,"column":39}},"25":{"start":{"line":45,"column":12},"end":{"line":45,"column":25}},"26":{"start":{"line":46,"column":12},"end":{"line":46,"column":18}},"27":{"start":{"line":49,"column":8},"end":{"line":55,"column":9}},"28":{"start":{"line":50,"column":12},"end":{"line":53,"column":13}},"29":{"start":{"line":50,"column":26},"end":{"line":50,"column":41}},"30":{"start":{"line":51,"column":16},"end":{"line":51,"column":57}},"31":{"start":{"line":52,"column":16},"end":{"line":52,"column":39}},"32":{"start":{"line":54,"column":12},"end":{"line":54,"column":20}},"33":{"start":{"line":57,"column":8},"end":{"line":57,"column":12}},"34":{"start":{"line":59,"column":4},"end":{"line":59,"column":18}},"35":{"start":{"line":62,"column":0},"end":{"line":62,"column":37}},"36":{"start":{"line":67,"column":0},"end":{"line":67,"column":33}}},"fnMap":{"0":{"name":"spiralTraversal","decl":{"start":{"line":11,"column":9},"end":{"line":11,"column":24}},"loc":{"start":{"line":11,"column":33},"end":{"line":60,"column":1}},"line":11}},"branchMap":{"0":{"loc":{"start":{"line":20,"column":8},"end":{"line":30,"column":9}},"type":"if","locations":[{"start":{"line":20,"column":8},"end":{"line":30,"column":9}},{"start":{},"end":{}}],"line":20},"1":{"loc":{"start":{"line":32,"column":8},"end":{"line":38,"column":9}},"type":"if","locations":[{"start":{"line":32,"column":8},"end":{"line":38,"column":9}},{"start":{},"end":{}}],"line":32},"2":{"loc":{"start":{"line":40,"column":8},"end":{"line":47,"column":9}},"type":"if","locations":[{"start":{"line":40,"column":8},"end":{"line":47,"column":9}},{"start":{},"end":{}}],"line":40},"3":{"loc":{"start":{"line":49,"column":8},"end":{"line":55,"column":9}},"type":"if","locations":[{"start":{"line":49,"column":8},"end":{"line":55,"column":9}},{"start":{},"end":{}}],"line":49}},"s":{"0":1,"1":1,"2":2,"3":2,"4":2,"5":2,"6":4,"7":4,"8":4,"9":12,"10":12,"11":12,"12":4,"13":4,"14":4,"15":4,"16":4,"17":8,"18":8,"19":4,"20":4,"21":4,"22":4,"23":8,"24":8,"25":4,"26":4,"27":4,"28":4,"29":4,"30":4,"31":4,"32":4,"33":4,"34":2,"35":1,"36":1},"f":{"0":2},"b":{"0":[4,0],"1":[4,0],"2":[4,0],"3":[4,0]},"_coverageSchema":"1a1c01bbd47fc00a2c39e90264f33305004495a9","hash":"c49ee177d266b7d5e8b47a77c6f904663dfc4552"}
,"/Users/alinatrukhina/Documents/post-prime/code-challenges/toeplitz.js": {"path":"/Users/alinatrukhina/Documents/post-prime/code-challenges/toeplitz.js","statementMap":{"0":{"start":{"line":14,"column":4},"end":{"line":37,"column":5}},"1":{"start":{"line":15,"column":8},"end":{"line":15,"column":21}},"2":{"start":{"line":17,"column":8},"end":{"line":26,"column":9}},"3":{"start":{"line":17,"column":21},"end":{"line":17,"column":22}},"4":{"start":{"line":18,"column":26},"end":{"line":18,"column":33}},"5":{"start":{"line":19,"column":12},"end":{"line":25,"column":13}},"6":{"start":{"line":19,"column":23},"end":{"line":19,"column":24}},"7":{"start":{"line":20,"column":16},"end":{"line":20,"column":50}},"8":{"start":{"line":21,"column":16},"end":{"line":21,"column":51}},"9":{"start":{"line":22,"column":16},"end":{"line":24,"column":17}},"10":{"start":{"line":23,"column":20},"end":{"line":23,"column":33}},"11":{"start":{"line":27,"column":8},"end":{"line":36,"column":9}},"12":{"start":{"line":27,"column":21},"end":{"line":27,"column":22}},"13":{"start":{"line":28,"column":26},"end":{"line":28,"column":33}},"14":{"start":{"line":29,"column":12},"end":{"line":35,"column":13}},"15":{"start":{"line":29,"column":23},"end":{"line":29,"column":24}},"16":{"start":{"line":32,"column":16},"end":{"line":34,"column":17}},"17":{"start":{"line":33,"column":20},"end":{"line":33,"column":33}},"18":{"start":{"line":38,"column":4},"end":{"line":38,"column":16}},"19":{"start":{"line":45,"column":0},"end":{"line":45,"column":28}}},"fnMap":{"0":{"name":"isToeplitz","decl":{"start":{"line":12,"column":9},"end":{"line":12,"column":19}},"loc":{"start":{"line":12,"column":23},"end":{"line":39,"column":1}},"line":12}},"branchMap":{"0":{"loc":{"start":{"line":14,"column":4},"end":{"line":37,"column":5}},"type":"if","locations":[{"start":{"line":14,"column":4},"end":{"line":37,"column":5}},{"start":{"line":16,"column":11},"end":{"line":37,"column":5}}],"line":14},"1":{"loc":{"start":{"line":14,"column":8},"end":{"line":14,"column":41}},"type":"binary-expr","locations":[{"start":{"line":14,"column":8},"end":{"line":14,"column":21}},{"start":{"line":14,"column":25},"end":{"line":14,"column":41}}],"line":14},"2":{"loc":{"start":{"line":22,"column":16},"end":{"line":24,"column":17}},"type":"if","locations":[{"start":{"line":22,"column":16},"end":{"line":24,"column":17}},{"start":{},"end":{}}],"line":22},"3":{"loc":{"start":{"line":32,"column":16},"end":{"line":34,"column":17}},"type":"if","locations":[{"start":{"line":32,"column":16},"end":{"line":34,"column":17}},{"start":{},"end":{}}],"line":32}},"s":{"0":4,"1":1,"2":3,"3":3,"4":7,"5":7,"6":7,"7":15,"8":15,"9":15,"10":1,"11":2,"12":2,"13":4,"14":4,"15":4,"16":3,"17":0,"18":2,"19":1},"f":{"0":4},"b":{"0":[1,3],"1":[4,4],"2":[1,14],"3":[0,3]},"_coverageSchema":"1a1c01bbd47fc00a2c39e90264f33305004495a9","hash":"81baaa52851f134c802a3ef70010d5d63097a79c"}
}
