TN:
SF:spiral-matrix.js
FN:11,spiralTraversal
FNF:1
FNH:1
FNDA:2,spiralTraversal
DA:8,1
DA:9,1
DA:13,2
DA:14,2
DA:16,2
DA:17,2
DA:20,4
DA:23,4
DA:24,12
DA:25,12
DA:26,12
DA:28,4
DA:29,4
DA:32,4
DA:33,4
DA:34,8
DA:35,8
DA:37,4
DA:40,4
DA:41,4
DA:42,8
DA:43,8
DA:45,4
DA:46,4
DA:49,4
DA:50,4
DA:51,4
DA:52,4
DA:54,4
DA:57,4
DA:59,2
DA:62,1
DA:67,1
LF:33
LH:33
BRDA:20,0,0,4
BRDA:20,0,1,0
BRDA:32,1,0,4
BRDA:32,1,1,0
BRDA:40,2,0,4
BRDA:40,2,1,0
BRDA:49,3,0,4
BRDA:49,3,1,0
BRF:8
BRH:4
end_of_record
TN:
SF:toeplitz.js
FN:12,isToeplitz
FNF:1
FNH:1
FNDA:4,isToeplitz
DA:14,4
DA:15,1
DA:17,3
DA:18,7
DA:19,7
DA:20,15
DA:21,15
DA:22,15
DA:23,1
DA:27,2
DA:28,4
DA:29,4
DA:32,3
DA:33,0
DA:38,2
DA:45,1
LF:16
LH:15
BRDA:14,0,0,1
BRDA:14,0,1,3
BRDA:14,1,0,4
BRDA:14,1,1,4
BRDA:22,2,0,1
BRDA:22,2,1,14
BRDA:32,3,0,0
BRDA:32,3,1,3
BRF:8
BRH:7
end_of_record
